2017/04/18 12:03:08.615: oleksii.filipov@medeanalytics.com logout
2017/04/21 19:32:19.959:  logout
2017/04/21 20:28:03.843:  upload file
2017/05/21 22:08:31.246: wert logout
2017/05/22 22:03:56.683: k logout
2017/05/23 22:15:42.531: qwe logout
2017/05/24 13:08:55.249: qwe logout
2017/05/24 13:43:55.808: qwe logout
2017/05/24 13:44:32.171: afilipov logout
2017/05/24 13:44:43.779: afilipov logout
2017/05/25 21:31:16.259:  logout
2017/05/25 22:33:19.059: afilipov logout
2017/05/25 22:34:53.409: afilipov logout
2017/05/25 22:38:27.332: afilipov logout
2017/05/25 22:39:29.201: afilipov logout
2017/05/25 22:40:07.936: afilipov logout
2017/05/25 23:05:52.244: afilipov logout
2017/05/25 23:19:43.151: afilipov logout
2017/05/25 23:23:23.564: asd logout
2017/05/25 23:24:09.750: asd logout
2017/05/27 20:04:17.122:  logout
